<?xml version="1.0" encoding="UTF-8"?>
<testng-results ignored="0" total="2" passed="2" failed="0" skipped="0">
  <reporter-output>
  </reporter-output>
  <suite started-at="2022-09-19T11:35:01 IST" name="Surefire suite" finished-at="2022-09-19T11:35:24 IST" duration-ms="22798">
    <groups>
      <group name="cucumber">
        <method signature="AbstractTestNGCucumberTests.runScenario(io.cucumber.testng.PickleWrapper,io.cucumber.testng.FeatureWrapper)[pri:0, instance:runner.TestRunner@740cae06]" name="runScenario" class="io.cucumber.testng.AbstractTestNGCucumberTests"/>
      </group> <!-- cucumber -->
    </groups>
    <test started-at="2022-09-19T11:35:01 IST" name="Surefire test" finished-at="2022-09-19T11:35:24 IST" duration-ms="22798">
      <class name="runner.TestRunner">
        <test-method is-config="true" signature="setUpClass(org.testng.ITestContext)[pri:0, instance:runner.TestRunner@740cae06]" started-at="2022-09-19T11:35:01 IST" name="setUpClass" finished-at="2022-09-19T11:35:03 IST" duration-ms="1483" status="PASS">
          <params>
            <param index="0">
              <value>
                <![CDATA[org.testng.TestRunner@37f71e8]]>
              </value>
            </param>
          </params>
          <reporter-output>
          </reporter-output>
        </test-method> <!-- setUpClass -->
        <test-method signature="runScenario(io.cucumber.testng.PickleWrapper,io.cucumber.testng.FeatureWrapper)[pri:0, instance:runner.TestRunner@740cae06]" started-at="2022-09-19T11:35:03 IST" name="runScenario" description="Runs Cucumber Scenarios" data-provider="scenarios" finished-at="2022-09-19T11:35:15 IST" duration-ms="12444" status="PASS">
          <params>
            <param index="0">
              <value>
                <![CDATA["Check Login Feature"]]>
              </value>
            </param>
            <param index="1">
              <value>
                <![CDATA["Test Login Functionality of a Website"]]>
              </value>
            </param>
          </params>
          <reporter-output>
          </reporter-output>
        </test-method> <!-- runScenario -->
        <test-method signature="runScenario(io.cucumber.testng.PickleWrapper,io.cucumber.testng.FeatureWrapper)[pri:0, instance:runner.TestRunner@740cae06]" started-at="2022-09-19T11:35:15 IST" name="runScenario" description="Runs Cucumber Scenarios" data-provider="scenarios" finished-at="2022-09-19T11:35:23 IST" duration-ms="7955" status="PASS">
          <params>
            <param index="0">
              <value>
                <![CDATA["Check Login Feature"]]>
              </value>
            </param>
            <param index="1">
              <value>
                <![CDATA["Test Login Functionality of a Website"]]>
              </value>
            </param>
          </params>
          <reporter-output>
          </reporter-output>
        </test-method> <!-- runScenario -->
        <test-method is-config="true" signature="tearDownClass()[pri:0, instance:runner.TestRunner@740cae06]" started-at="2022-09-19T11:35:23 IST" name="tearDownClass" finished-at="2022-09-19T11:35:24 IST" duration-ms="845" status="PASS">
          <reporter-output>
          </reporter-output>
        </test-method> <!-- tearDownClass -->
      </class> <!-- runner.TestRunner -->
    </test> <!-- Surefire test -->
  </suite> <!-- Surefire suite -->
</testng-results>
