<?xml version="1.0" encoding="UTF-8"?>
<testng-results ignored="0" total="2" passed="2" failed="0" skipped="0">
  <reporter-output>
  </reporter-output>
  <suite started-at="2023-02-16T15:06:14 IST" name="Default suite" finished-at="2023-02-16T15:06:21 IST" duration-ms="6948">
    <groups>
    </groups>
    <test started-at="2023-02-16T15:06:14 IST" name="Default test" finished-at="2023-02-16T15:06:21 IST" duration-ms="6948">
      <class name="Utilities.API">
        <test-method signature="POSTRequest()[pri:0, instance:Utilities.API@1040be71]" started-at="2023-02-16T15:06:14 IST" name="POSTRequest" finished-at="2023-02-16T15:06:20 IST" duration-ms="6232" status="PASS">
          <reporter-output>
          </reporter-output>
        </test-method> <!-- POSTRequest -->
        <test-method signature="PUTRequest()[pri:0, instance:Utilities.API@1040be71]" started-at="2023-02-16T15:06:20 IST" name="PUTRequest" finished-at="2023-02-16T15:06:21 IST" duration-ms="586" status="PASS">
          <reporter-output>
          </reporter-output>
        </test-method> <!-- PUTRequest -->
      </class> <!-- Utilities.API -->
    </test> <!-- Default test -->
  </suite> <!-- Default suite -->
</testng-results>
